Arguments: 
  /usr/local/bin/node /opt/homebrew/Cellar/yarn/1.22.19/libexec/bin/yarn.js

PATH: 
  /usr/local/bin:/usr/bin:/bin:/usr/sbin:/sbin:/opt/homebrew/bin:/opt/homebrew/bin:/Users/derekhsieh/Flutter/flutter/bin

Yarn version: 
  1.22.19

Node version: 
  16.14.2

Platform: 
  darwin arm64

Trace: 
  Error: connect ENETUNREACH 104.16.27.35:443 - Local (0.0.0.0:58316)
      at internalConnect (node:net:931:16)
      at defaultTriggerAsyncIdScope (node:internal/async_hooks:465:18)
      at emitLookup (node:net:1075:9)
      at /opt/homebrew/Cellar/yarn/1.22.19/libexec/lib/cli.js:103587:28
      at /opt/homebrew/Cellar/yarn/1.22.19/libexec/lib/cli.js:103496:13
      at RawTask.module.exports.RawTask.call (/opt/homebrew/Cellar/yarn/1.22.19/libexec/lib/cli.js:79584:19)
      at flush (/opt/homebrew/Cellar/yarn/1.22.19/libexec/lib/cli.js:79666:29)
      at processTicksAndRejections (node:internal/process/task_queues:78:11)

npm manifest: 
  {
    "name": "nextra-docs-template",
    "version": "0.0.1",
    "description": "Nextra docs template",
    "scripts": {
      "dev": "next dev",
      "build": "next build",
      "start": "next start"
    },
    "repository": {
      "type": "git",
      "url": "git+https://github.com/shuding/nextra-docs-template.git"
    },
    "author": "Shu Ding <g@shud.in>",
    "license": "MIT",
    "bugs": {
      "url": "https://github.com/shuding/nextra-docs-template/issues"
    },
    "homepage": "https://github.com/shuding/nextra-docs-template#readme",
    "dependencies": {
      "next": "^13.0.6",
      "nextra": "latest",
      "nextra-theme-docs": "latest",
      "react": "^18.2.0",
      "react-dom": "^18.2.0"
    },
    "devDependencies": {
      "@types/node": "18.11.10",
      "typescript": "^4.9.3"
    }
  }

yarn manifest: 
  No manifest

Lockfile: 
  No lockfile
